{"level":"info","message":"new chat: "}
{"level":"info","message":"new chat: "}
{"level":"info","message":"new chat: "}
{"level":"info","message":"new chat: "}
{"level":"info","message":"new chat: "}
{"level":"info","message":"new chat: "}
{"message":"new chat: gen, 하이욤","level":"info"}
{"message":"new chat: gen, 이러면? ___ ::ffff:127.0.0.1","level":"info"}
{"message":"new chat: gen, 하이루 ___ ::1","level":"info"}
{"message":"new chat: gen, 아직 잘 되나? ___ ::1","level":"info"}
{"message":"new chat: gen, 오옹 신기 ___ ::1","level":"info"}
{"message":"new chat: hle, hello ___ ::1","level":"info"}
{"message":"new chat: hle, hello ___ ::1","level":"info"}
{"message":"new chat: hle, hello ___ ::1","level":"info"}
{"message":"new chat: hle, 브라보 ___ ::1","level":"info"}
{"message":"new chat: hle, 브라보 ___ ::1","level":"info"}
{"message":"new chat: hle, 마이라이프 ___ ::1","level":"info"}
{"message":"new chat: hle, 나의 인생아 ___ ::1","level":"info"}
{"message":"new chat: gen, 하이 ___ ::1","level":"info"}
{"message":"new chat: drx, 이래도 ___ ::1","level":"info"}
{"message":"new chat: drx, 안돼 ___ ::1","level":"info"}
{"message":"new chat: drx, ㅠㅠ ___ ::1","level":"info"}
{"message":"new chat: hle, gksghk ___ ::1","level":"info"}
{"message":"new chat: hle, 한화 ___ ::1","level":"info"}
{"message":"new chat: hle, 생명생명 ___ ::1","level":"info"}
{"message":"new chat: hle, 알로하 ___ ::1","level":"info"}
{"message":"new chat: hle, 오에 ___ ::1","level":"info"}
{"message":"new chat: hle, 안녕하세용 ___ ::1","level":"info"}
{"message":"new chat: hle, 저는 ___ ::1","level":"info"}
{"message":"new chat: hle, 왜 이제는 ___ ::ffff:127.0.0.1","level":"info"}
{"message":"new chat: hle, 상대한테만 ___ ::ffff:127.0.0.1","level":"info"}
{"message":"new chat: hle, 전달이 되지?? ___ ::ffff:127.0.0.1","level":"info"}
{"message":"new chat: hle, 좋은거긴 한뎅.. ___ ::ffff:127.0.0.1","level":"info"}
{"message":"new chat: drx, 헬로 ___ ::1","level":"info"}
{"message":"new chat: drx, 헬로 ___ ::1","level":"info"}
{"message":"new chat: drx, 헬로 ___ ::1","level":"info"}
{"message":"new chat: drx, 헬로 ___ ::1","level":"info"}
